# JRE version: OpenJDK Runtime Environment Temurin-22.0.2+9 (22.0.2+9) (build 22.0.2+9)
# Java VM: OpenJDK 64-Bit Server VM Temurin-22.0.2+9 (22.0.2+9, mixed mode, emulated-client, tiered, compressed oops, compressed class ptrs, g1 gc, windows-amd64)
GC Precious Log:
 CardTable entry size: 512
 Card Set container configuration: InlinePtr #cards 4 size 8 Array Of Cards #cards 16 size 48 Howl #buckets 8 coarsen threshold 3686 Howl Bitmap #cards 512 size 80 coarsen threshold 460 Card regions per heap region 1 cards per card region 4096
 CPUs: 8 total, 8 available
 Memory: 16227M
 Large Page Support: Disabled
 NUMA Support: Disabled
 Compressed Oops: Enabled (Zero based)
 Heap Region Size: 2M
 Heap Min Capacity: 8M
 Heap Initial Capacity: 254M
 Heap Max Capacity: 4058M
 Pre-touch: Disabled
 Parallel Workers: 8
 Concurrent Workers: 2
 Concurrent Refinement Workers: 8
 Periodic GC: Disabled
Heap:
 garbage-first heap   total reserved 4155392K, committed 108544K, used 74304K [0x0000000702600000, 0x0000000800000000)
  region size 2048K, 21 young (43008K), 2 survivors (4096K)
 Metaspace       used 80961K, committed 81728K, reserved 1179648K
  class space    used 10813K, committed 11136K, reserved 1048576K
GC Heap History (20 events):
Event: 2.362 GC heap before
{Heap before GC invocations=10 (full 0):
 garbage-first heap   total reserved 4155392K, committed 61440K, used 45124K [0x0000000702600000, 0x0000000800000000)
  region size 2048K, 18 young (36864K), 4 survivors (8192K)
 Metaspace       used 37585K, committed 38080K, reserved 1114112K
  class space    used 4537K, committed 4800K, reserved 1048576K
}
Event: 2.367 GC heap after
{Heap after GC invocations=11 (full 0):
 garbage-first heap   total reserved 4155392K, committed 61440K, used 18165K [0x0000000702600000, 0x0000000800000000)
  region size 2048K, 2 young (4096K), 2 survivors (4096K)
 Metaspace       used 37585K, committed 38080K, reserved 1114112K
  class space    used 4537K, committed 4800K, reserved 1048576K
}
Event: 2.648 GC heap before
{Heap before GC invocations=11 (full 0):
 garbage-first heap   total reserved 4155392K, committed 61440K, used 50933K [0x0000000702600000, 0x0000000800000000)
  region size 2048K, 18 young (36864K), 2 survivors (4096K)
 Metaspace       used 40115K, committed 40704K, reserved 1114112K
  class space    used 4979K, committed 5248K, reserved 1048576K
}
Event: 2.653 GC heap after
{Heap after GC invocations=12 (full 0):
 garbage-first heap   total reserved 4155392K, committed 161792K, used 20553K [0x0000000702600000, 0x0000000800000000)
  region size 2048K, 3 young (6144K), 3 survivors (6144K)
 Metaspace       used 40115K, committed 40704K, reserved 1114112K
  class space    used 4979K, committed 5248K, reserved 1048576K
}
Event: 3.497 GC heap before
{Heap before GC invocations=12 (full 0):
 garbage-first heap   total reserved 4155392K, committed 161792K, used 108617K [0x0000000702600000, 0x0000000800000000)
  region size 2048K, 47 young (96256K), 3 survivors (6144K)
 Metaspace       used 50487K, committed 51136K, reserved 1114112K
  class space    used 6260K, committed 6528K, reserved 1048576K
}
Event: 3.502 GC heap after
{Heap after GC invocations=13 (full 0):
 garbage-first heap   total reserved 4155392K, committed 161792K, used 24108K [0x0000000702600000, 0x0000000800000000)
  region size 2048K, 5 young (10240K), 5 survivors (10240K)
 Metaspace       used 50487K, committed 51136K, reserved 1114112K
  class space    used 6260K, committed 6528K, reserved 1048576K
}
Event: 4.171 GC heap before
{Heap before GC invocations=13 (full 0):
 garbage-first heap   total reserved 4155392K, committed 161792K, used 110124K [0x0000000702600000, 0x0000000800000000)
  region size 2048K, 47 young (96256K), 5 survivors (10240K)
 Metaspace       used 58515K, committed 59136K, reserved 1114112K
  class space    used 7485K, committed 7744K, reserved 1048576K
}
Event: 4.178 GC heap after
{Heap after GC invocations=14 (full 0):
 garbage-first heap   total reserved 4155392K, committed 161792K, used 25721K [0x0000000702600000, 0x0000000800000000)
  region size 2048K, 4 young (8192K), 4 survivors (8192K)
 Metaspace       used 58515K, committed 59136K, reserved 1114112K
  class space    used 7485K, committed 7744K, reserved 1048576K
}
Event: 4.237 GC heap before
{Heap before GC invocations=14 (full 0):
 garbage-first heap   total reserved 4155392K, committed 161792K, used 35961K [0x0000000702600000, 0x0000000800000000)
  region size 2048K, 10 young (20480K), 4 survivors (8192K)
 Metaspace       used 59529K, committed 60096K, reserved 1114112K
  class space    used 7602K, committed 7872K, reserved 1048576K
}
Event: 4.242 GC heap after
{Heap after GC invocations=15 (full 0):
 garbage-first heap   total reserved 4155392K, committed 161792K, used 26065K [0x0000000702600000, 0x0000000800000000)
  region size 2048K, 3 young (6144K), 3 survivors (6144K)
 Metaspace       used 59529K, committed 60096K, reserved 1114112K
  class space    used 7602K, committed 7872K, reserved 1048576K
}
Event: 4.535 GC heap before
{Heap before GC invocations=16 (full 0):
 garbage-first heap   total reserved 4155392K, committed 90112K, used 73169K [0x0000000702600000, 0x0000000800000000)
  region size 2048K, 26 young (53248K), 3 survivors (6144K)
 Metaspace       used 64883K, committed 65472K, reserved 1114112K
  class space    used 8498K, committed 8768K, reserved 1048576K
}
Event: 4.540 GC heap after
{Heap after GC invocations=17 (full 0):
 garbage-first heap   total reserved 4155392K, committed 90112K, used 26968K [0x0000000702600000, 0x0000000800000000)
  region size 2048K, 2 young (4096K), 2 survivors (4096K)
 Metaspace       used 64883K, committed 65472K, reserved 1114112K
  class space    used 8498K, committed 8768K, reserved 1048576K
}
Event: 4.881 GC heap before
{Heap before GC invocations=17 (full 0):
 garbage-first heap   total reserved 4155392K, committed 90112K, used 76120K [0x0000000702600000, 0x0000000800000000)
  region size 2048K, 26 young (53248K), 2 survivors (4096K)
 Metaspace       used 68837K, committed 69568K, reserved 1114112K
  class space    used 9139K, committed 9472K, reserved 1048576K
}
Event: 4.886 GC heap after
{Heap after GC invocations=18 (full 0):
 garbage-first heap   total reserved 4155392K, committed 90112K, used 27595K [0x0000000702600000, 0x0000000800000000)
  region size 2048K, 2 young (4096K), 2 survivors (4096K)
 Metaspace       used 68837K, committed 69568K, reserved 1114112K
  class space    used 9139K, committed 9472K, reserved 1048576K
}
Event: 5.328 GC heap before
{Heap before GC invocations=18 (full 0):
 garbage-first heap   total reserved 4155392K, committed 90112K, used 74699K [0x0000000702600000, 0x0000000800000000)
  region size 2048K, 26 young (53248K), 2 survivors (4096K)
 Metaspace       used 72100K, committed 72768K, reserved 1114112K
  class space    used 9568K, committed 9856K, reserved 1048576K
}
Event: 5.334 GC heap after
{Heap after GC invocations=19 (full 0):
 garbage-first heap   total reserved 4155392K, committed 108544K, used 31559K [0x0000000702600000, 0x0000000800000000)
  region size 2048K, 4 young (8192K), 4 survivors (8192K)
 Metaspace       used 72100K, committed 72768K, reserved 1114112K
  class space    used 9568K, committed 9856K, reserved 1048576K
}
Event: 5.838 GC heap before
{Heap before GC invocations=19 (full 0):
 garbage-first heap   total reserved 4155392K, committed 108544K, used 86855K [0x0000000702600000, 0x0000000800000000)
  region size 2048K, 31 young (63488K), 4 survivors (8192K)
 Metaspace       used 74485K, committed 75200K, reserved 1114112K
  class space    used 9890K, committed 10176K, reserved 1048576K
}
Event: 5.845 GC heap after
{Heap after GC invocations=20 (full 0):
 garbage-first heap   total reserved 4155392K, committed 108544K, used 35866K [0x0000000702600000, 0x0000000800000000)
  region size 2048K, 4 young (8192K), 4 survivors (8192K)
 Metaspace       used 74485K, committed 75200K, reserved 1114112K
  class space    used 9890K, committed 10176K, reserved 1048576K
}
Event: 13.447 GC heap before
{Heap before GC invocations=20 (full 0):
 garbage-first heap   total reserved 4155392K, committed 108544K, used 91162K [0x0000000702600000, 0x0000000800000000)
  region size 2048K, 31 young (63488K), 4 survivors (8192K)
 Metaspace       used 78104K, committed 78848K, reserved 1179648K
  class space    used 10434K, committed 10752K, reserved 1048576K
}
Event: 13.454 GC heap after
{Heap after GC invocations=21 (full 0):
 garbage-first heap   total reserved 4155392K, committed 108544K, used 39488K [0x0000000702600000, 0x0000000800000000)
  region size 2048K, 2 young (4096K), 2 survivors (4096K)
 Metaspace       used 78104K, committed 78848K, reserved 1179648K
  class space    used 10434K, committed 10752K, reserved 1048576K
}

