# JRE version: OpenJDK Runtime Environment Temurin-22.0.2+9 (22.0.2+9) (build 22.0.2+9)
# Java VM: OpenJDK 64-Bit Server VM Temurin-22.0.2+9 (22.0.2+9, mixed mode, emulated-client, tiered, compressed oops, compressed class ptrs, g1 gc, windows-amd64)
GC Precious Log:
 CardTable entry size: 512
 Card Set container configuration: InlinePtr #cards 4 size 8 Array Of Cards #cards 16 size 48 Howl #buckets 8 coarsen threshold 3686 Howl Bitmap #cards 512 size 80 coarsen threshold 460 Card regions per heap region 1 cards per card region 4096
 CPUs: 8 total, 8 available
 Memory: 16227M
 Large Page Support: Disabled
 NUMA Support: Disabled
 Compressed Oops: Enabled (Zero based)
 Heap Region Size: 2M
 Heap Min Capacity: 8M
 Heap Initial Capacity: 254M
 Heap Max Capacity: 4058M
 Pre-touch: Disabled
 Parallel Workers: 8
 Concurrent Workers: 2
 Concurrent Refinement Workers: 8
 Periodic GC: Disabled
Heap:
 garbage-first heap   total reserved 4155392K, committed 108544K, used 91042K [0x0000000702600000, 0x0000000800000000)
  region size 2048K, 30 young (61440K), 1 survivors (2048K)
 Metaspace       used 80689K, committed 81792K, reserved 1179648K
  class space    used 10722K, committed 11200K, reserved 1048576K
GC Heap History (20 events):
Event: 3094.623 GC heap before
{Heap before GC invocations=27 (full 0):
 garbage-first heap   total reserved 4155392K, committed 108544K, used 97221K [0x0000000702600000, 0x0000000800000000)
  region size 2048K, 30 young (61440K), 1 survivors (2048K)
 Metaspace       used 80634K, committed 81792K, reserved 1179648K
  class space    used 10724K, committed 11200K, reserved 1048576K
}
Event: 3094.628 GC heap after
{Heap after GC invocations=28 (full 0):
 garbage-first heap   total reserved 4155392K, committed 108544K, used 37781K [0x0000000702600000, 0x0000000800000000)
  region size 2048K, 1 young (2048K), 1 survivors (2048K)
 Metaspace       used 80634K, committed 81792K, reserved 1179648K
  class space    used 10724K, committed 11200K, reserved 1048576K
}
Event: 3715.668 GC heap before
{Heap before GC invocations=29 (full 0):
 garbage-first heap   total reserved 4155392K, committed 108544K, used 97173K [0x0000000702600000, 0x0000000800000000)
  region size 2048K, 30 young (61440K), 1 survivors (2048K)
 Metaspace       used 80596K, committed 81792K, reserved 1179648K
  class space    used 10713K, committed 11200K, reserved 1048576K
}
Event: 3715.676 GC heap after
{Heap after GC invocations=30 (full 0):
 garbage-first heap   total reserved 4155392K, committed 108544K, used 37813K [0x0000000702600000, 0x0000000800000000)
  region size 2048K, 1 young (2048K), 1 survivors (2048K)
 Metaspace       used 80596K, committed 81792K, reserved 1179648K
  class space    used 10713K, committed 11200K, reserved 1048576K
}
Event: 4344.687 GC heap before
{Heap before GC invocations=30 (full 0):
 garbage-first heap   total reserved 4155392K, committed 108544K, used 97205K [0x0000000702600000, 0x0000000800000000)
  region size 2048K, 30 young (61440K), 1 survivors (2048K)
 Metaspace       used 80596K, committed 81792K, reserved 1179648K
  class space    used 10713K, committed 11200K, reserved 1048576K
}
Event: 4344.699 GC heap after
{Heap after GC invocations=31 (full 0):
 garbage-first heap   total reserved 4155392K, committed 108544K, used 35824K [0x0000000702600000, 0x0000000800000000)
  region size 2048K, 1 young (2048K), 1 survivors (2048K)
 Metaspace       used 80596K, committed 81792K, reserved 1179648K
  class space    used 10713K, committed 11200K, reserved 1048576K
}
Event: 4983.667 GC heap before
{Heap before GC invocations=31 (full 0):
 garbage-first heap   total reserved 4155392K, committed 108544K, used 97264K [0x0000000702600000, 0x0000000800000000)
  region size 2048K, 31 young (63488K), 1 survivors (2048K)
 Metaspace       used 80596K, committed 81792K, reserved 1179648K
  class space    used 10713K, committed 11200K, reserved 1048576K
}
Event: 4983.678 GC heap after
{Heap after GC invocations=32 (full 0):
 garbage-first heap   total reserved 4155392K, committed 108544K, used 35844K [0x0000000702600000, 0x0000000800000000)
  region size 2048K, 1 young (2048K), 1 survivors (2048K)
 Metaspace       used 80596K, committed 81792K, reserved 1179648K
  class space    used 10713K, committed 11200K, reserved 1048576K
}
Event: 5626.667 GC heap before
{Heap before GC invocations=33 (full 0):
 garbage-first heap   total reserved 4155392K, committed 108544K, used 97284K [0x0000000702600000, 0x0000000800000000)
  region size 2048K, 31 young (63488K), 1 survivors (2048K)
 Metaspace       used 80596K, committed 81792K, reserved 1179648K
  class space    used 10713K, committed 11200K, reserved 1048576K
}
Event: 5626.673 GC heap after
{Heap after GC invocations=34 (full 0):
 garbage-first heap   total reserved 4155392K, committed 108544K, used 35838K [0x0000000702600000, 0x0000000800000000)
  region size 2048K, 1 young (2048K), 1 survivors (2048K)
 Metaspace       used 80596K, committed 81792K, reserved 1179648K
  class space    used 10713K, committed 11200K, reserved 1048576K
}
Event: 6271.667 GC heap before
{Heap before GC invocations=34 (full 0):
 garbage-first heap   total reserved 4155392K, committed 108544K, used 97278K [0x0000000702600000, 0x0000000800000000)
  region size 2048K, 31 young (63488K), 1 survivors (2048K)
 Metaspace       used 80596K, committed 81792K, reserved 1179648K
  class space    used 10713K, committed 11200K, reserved 1048576K
}
Event: 6271.687 GC heap after
{Heap after GC invocations=35 (full 0):
 garbage-first heap   total reserved 4155392K, committed 108544K, used 34539K [0x0000000702600000, 0x0000000800000000)
  region size 2048K, 1 young (2048K), 1 survivors (2048K)
 Metaspace       used 80596K, committed 81792K, reserved 1179648K
  class space    used 10713K, committed 11200K, reserved 1048576K
}
Event: 6918.669 GC heap before
{Heap before GC invocations=35 (full 0):
 garbage-first heap   total reserved 4155392K, committed 108544K, used 95979K [0x0000000702600000, 0x0000000800000000)
  region size 2048K, 31 young (63488K), 1 survivors (2048K)
 Metaspace       used 80596K, committed 81792K, reserved 1179648K
  class space    used 10713K, committed 11200K, reserved 1048576K
}
Event: 6918.678 GC heap after
{Heap after GC invocations=36 (full 0):
 garbage-first heap   total reserved 4155392K, committed 108544K, used 34632K [0x0000000702600000, 0x0000000800000000)
  region size 2048K, 1 young (2048K), 1 survivors (2048K)
 Metaspace       used 80596K, committed 81792K, reserved 1179648K
  class space    used 10713K, committed 11200K, reserved 1048576K
}
Event: 7562.076 GC heap before
{Heap before GC invocations=37 (full 0):
 garbage-first heap   total reserved 4155392K, committed 108544K, used 96072K [0x0000000702600000, 0x0000000800000000)
  region size 2048K, 31 young (63488K), 1 survivors (2048K)
 Metaspace       used 80596K, committed 81792K, reserved 1179648K
  class space    used 10713K, committed 11200K, reserved 1048576K
}
Event: 7562.085 GC heap after
{Heap after GC invocations=38 (full 0):
 garbage-first heap   total reserved 4155392K, committed 108544K, used 34603K [0x0000000702600000, 0x0000000800000000)
  region size 2048K, 1 young (2048K), 1 survivors (2048K)
 Metaspace       used 80596K, committed 81792K, reserved 1179648K
  class space    used 10713K, committed 11200K, reserved 1048576K
}
Event: 8206.670 GC heap before
{Heap before GC invocations=38 (full 0):
 garbage-first heap   total reserved 4155392K, committed 108544K, used 96043K [0x0000000702600000, 0x0000000800000000)
  region size 2048K, 31 young (63488K), 1 survivors (2048K)
 Metaspace       used 80598K, committed 81792K, reserved 1179648K
  class space    used 10714K, committed 11200K, reserved 1048576K
}
Event: 8206.682 GC heap after
{Heap after GC invocations=39 (full 0):
 garbage-first heap   total reserved 4155392K, committed 108544K, used 33698K [0x0000000702600000, 0x0000000800000000)
  region size 2048K, 1 young (2048K), 1 survivors (2048K)
 Metaspace       used 80598K, committed 81792K, reserved 1179648K
  class space    used 10714K, committed 11200K, reserved 1048576K
}
Event: 8850.682 GC heap before
{Heap before GC invocations=39 (full 0):
 garbage-first heap   total reserved 4155392K, committed 108544K, used 95138K [0x0000000702600000, 0x0000000800000000)
  region size 2048K, 31 young (63488K), 1 survivors (2048K)
 Metaspace       used 80598K, committed 81792K, reserved 1179648K
  class space    used 10714K, committed 11200K, reserved 1048576K
}
Event: 8850.689 GC heap after
{Heap after GC invocations=40 (full 0):
 garbage-first heap   total reserved 4155392K, committed 108544K, used 33698K [0x0000000702600000, 0x0000000800000000)
  region size 2048K, 1 young (2048K), 1 survivors (2048K)
 Metaspace       used 80598K, committed 81792K, reserved 1179648K
  class space    used 10714K, committed 11200K, reserved 1048576K
}

