# JRE version: OpenJDK Runtime Environment Temurin-22.0.2+9 (22.0.2+9) (build 22.0.2+9)
# Java VM: OpenJDK 64-Bit Server VM Temurin-22.0.2+9 (22.0.2+9, mixed mode, emulated-client, tiered, compressed oops, compressed class ptrs, g1 gc, windows-amd64)
GC Precious Log:
 CardTable entry size: 512
 Card Set container configuration: InlinePtr #cards 4 size 8 Array Of Cards #cards 16 size 48 Howl #buckets 8 coarsen threshold 3686 Howl Bitmap #cards 512 size 80 coarsen threshold 460 Card regions per heap region 1 cards per card region 4096
 CPUs: 8 total, 8 available
 Memory: 16227M
 Large Page Support: Disabled
 NUMA Support: Disabled
 Compressed Oops: Enabled (Zero based)
 Heap Region Size: 2M
 Heap Min Capacity: 8M
 Heap Initial Capacity: 254M
 Heap Max Capacity: 4058M
 Pre-touch: Disabled
 Parallel Workers: 8
 Concurrent Workers: 2
 Concurrent Refinement Workers: 8
 Periodic GC: Disabled
Heap:
 garbage-first heap   total reserved 4155392K, committed 122880K, used 95206K [0x0000000702600000, 0x0000000800000000)
  region size 2048K, 31 young (63488K), 3 survivors (6144K)
 Metaspace       used 92118K, committed 92864K, reserved 1179648K
  class space    used 11881K, committed 12224K, reserved 1048576K
GC Heap History (20 events):
Event: 1793.519 GC heap before
{Heap before GC invocations=39 (full 3):
 garbage-first heap   total reserved 4155392K, committed 122880K, used 100321K [0x0000000702600000, 0x0000000800000000)
  region size 2048K, 35 young (71680K), 4 survivors (8192K)
 Metaspace       used 87697K, committed 88384K, reserved 1179648K
  class space    used 11533K, committed 11840K, reserved 1048576K
}
Event: 1793.527 GC heap after
{Heap after GC invocations=40 (full 3):
 garbage-first heap   total reserved 4155392K, committed 124928K, used 44245K [0x0000000702600000, 0x0000000800000000)
  region size 2048K, 4 young (8192K), 4 survivors (8192K)
 Metaspace       used 87697K, committed 88384K, reserved 1179648K
  class space    used 11533K, committed 11840K, reserved 1048576K
}
Event: 1921.294 GC heap before
{Heap before GC invocations=40 (full 3):
 garbage-first heap   total reserved 4155392K, committed 124928K, used 99541K [0x0000000702600000, 0x0000000800000000)
  region size 2048K, 31 young (63488K), 4 survivors (8192K)
 Metaspace       used 87884K, committed 88640K, reserved 1179648K
  class space    used 11557K, committed 11904K, reserved 1048576K
}
Event: 1921.301 GC heap after
{Heap after GC invocations=41 (full 3):
 garbage-first heap   total reserved 4155392K, committed 124928K, used 48828K [0x0000000702600000, 0x0000000800000000)
  region size 2048K, 3 young (6144K), 3 survivors (6144K)
 Metaspace       used 87884K, committed 88640K, reserved 1179648K
  class space    used 11557K, committed 11904K, reserved 1048576K
}
Event: 2070.690 GC heap before
{Heap before GC invocations=41 (full 3):
 garbage-first heap   total reserved 4155392K, committed 124928K, used 67260K [0x0000000702600000, 0x0000000800000000)
  region size 2048K, 13 young (26624K), 3 survivors (6144K)
 Metaspace       used 87886K, committed 88640K, reserved 1179648K
  class space    used 11557K, committed 11904K, reserved 1048576K
}
Event: 2070.733 GC heap after
{Heap after GC invocations=42 (full 4):
 garbage-first heap   total reserved 4155392K, committed 122880K, used 30339K [0x0000000702600000, 0x0000000800000000)
  region size 2048K, 0 young (0K), 0 survivors (0K)
 Metaspace       used 87710K, committed 88640K, reserved 1179648K
  class space    used 11510K, committed 11904K, reserved 1048576K
}
Event: 2072.097 GC heap before
{Heap before GC invocations=42 (full 4):
 garbage-first heap   total reserved 4155392K, committed 122880K, used 97923K [0x0000000702600000, 0x0000000800000000)
  region size 2048K, 34 young (69632K), 0 survivors (0K)
 Metaspace       used 88456K, committed 89152K, reserved 1179648K
  class space    used 11599K, committed 11904K, reserved 1048576K
}
Event: 2072.103 GC heap after
{Heap after GC invocations=43 (full 4):
 garbage-first heap   total reserved 4155392K, committed 122880K, used 37991K [0x0000000702600000, 0x0000000800000000)
  region size 2048K, 4 young (8192K), 4 survivors (8192K)
 Metaspace       used 88456K, committed 89152K, reserved 1179648K
  class space    used 11599K, committed 11904K, reserved 1048576K
}
Event: 2072.644 GC heap before
{Heap before GC invocations=44 (full 4):
 garbage-first heap   total reserved 4155392K, committed 122880K, used 99431K [0x0000000702600000, 0x0000000800000000)
  region size 2048K, 34 young (69632K), 4 survivors (8192K)
 Metaspace       used 89209K, committed 89920K, reserved 1179648K
  class space    used 11658K, committed 11968K, reserved 1048576K
}
Event: 2072.651 GC heap after
{Heap after GC invocations=45 (full 4):
 garbage-first heap   total reserved 4155392K, committed 122880K, used 44457K [0x0000000702600000, 0x0000000800000000)
  region size 2048K, 4 young (8192K), 4 survivors (8192K)
 Metaspace       used 89209K, committed 89920K, reserved 1179648K
  class space    used 11658K, committed 11968K, reserved 1048576K
}
Event: 2164.080 GC heap before
{Heap before GC invocations=45 (full 4):
 garbage-first heap   total reserved 4155392K, committed 122880K, used 95657K [0x0000000702600000, 0x0000000800000000)
  region size 2048K, 30 young (61440K), 4 survivors (8192K)
 Metaspace       used 89443K, committed 90176K, reserved 1179648K
  class space    used 11685K, committed 12032K, reserved 1048576K
}
Event: 2164.125 GC heap after
{Heap after GC invocations=46 (full 5):
 garbage-first heap   total reserved 4155392K, committed 122880K, used 33153K [0x0000000702600000, 0x0000000800000000)
  region size 2048K, 0 young (0K), 0 survivors (0K)
 Metaspace       used 89377K, committed 90176K, reserved 1179648K
  class space    used 11668K, committed 12032K, reserved 1048576K
}
Event: 2164.872 GC heap before
{Heap before GC invocations=46 (full 5):
 garbage-first heap   total reserved 4155392K, committed 122880K, used 96641K [0x0000000702600000, 0x0000000800000000)
  region size 2048K, 32 young (65536K), 0 survivors (0K)
 Metaspace       used 90026K, committed 90816K, reserved 1179648K
  class space    used 11731K, committed 12096K, reserved 1048576K
}
Event: 2164.876 GC heap after
{Heap after GC invocations=47 (full 5):
 garbage-first heap   total reserved 4155392K, committed 122880K, used 39297K [0x0000000702600000, 0x0000000800000000)
  region size 2048K, 3 young (6144K), 3 survivors (6144K)
 Metaspace       used 90026K, committed 90816K, reserved 1179648K
  class space    used 11731K, committed 12096K, reserved 1048576K
}
Event: 2165.686 GC heap before
{Heap before GC invocations=48 (full 5):
 garbage-first heap   total reserved 4155392K, committed 122880K, used 100737K [0x0000000702600000, 0x0000000800000000)
  region size 2048K, 33 young (67584K), 3 survivors (6144K)
 Metaspace       used 90682K, committed 91392K, reserved 1179648K
  class space    used 11765K, committed 12096K, reserved 1048576K
}
Event: 2165.693 GC heap after
{Heap after GC invocations=49 (full 5):
 garbage-first heap   total reserved 4155392K, committed 122880K, used 46021K [0x0000000702600000, 0x0000000800000000)
  region size 2048K, 4 young (8192K), 4 survivors (8192K)
 Metaspace       used 90682K, committed 91392K, reserved 1179648K
  class space    used 11765K, committed 12096K, reserved 1048576K
}
Event: 2196.278 GC heap before
{Heap before GC invocations=49 (full 5):
 garbage-first heap   total reserved 4155392K, committed 122880K, used 91077K [0x0000000702600000, 0x0000000800000000)
  region size 2048K, 27 young (55296K), 4 survivors (8192K)
 Metaspace       used 90872K, committed 91584K, reserved 1179648K
  class space    used 11777K, committed 12096K, reserved 1048576K
}
Event: 2196.325 GC heap after
{Heap after GC invocations=50 (full 6):
 garbage-first heap   total reserved 4155392K, committed 122880K, used 33927K [0x0000000702600000, 0x0000000800000000)
  region size 2048K, 0 young (0K), 0 survivors (0K)
 Metaspace       used 90864K, committed 91584K, reserved 1179648K
  class space    used 11775K, committed 12096K, reserved 1048576K
}
Event: 2197.044 GC heap before
{Heap before GC invocations=50 (full 6):
 garbage-first heap   total reserved 4155392K, committed 122880K, used 97415K [0x0000000702600000, 0x0000000800000000)
  region size 2048K, 31 young (63488K), 0 survivors (0K)
 Metaspace       used 91495K, committed 92224K, reserved 1179648K
  class space    used 11835K, committed 12160K, reserved 1048576K
}
Event: 2197.048 GC heap after
{Heap after GC invocations=51 (full 6):
 garbage-first heap   total reserved 4155392K, committed 122880K, used 39910K [0x0000000702600000, 0x0000000800000000)
  region size 2048K, 3 young (6144K), 3 survivors (6144K)
 Metaspace       used 91495K, committed 92224K, reserved 1179648K
  class space    used 11835K, committed 12160K, reserved 1048576K
}

